<?xml version="1.0" encoding="UTF-8"?>
<testng-results ignored="0" total="1" passed="1" failed="0" skipped="0">
  <reporter-output>
  </reporter-output>
  <suite started-at="2024-05-02T15:03:06 IST" name="Default suite" finished-at="2024-05-02T15:03:15 IST" duration-ms="8952">
    <groups>
    </groups>
    <test started-at="2024-05-02T15:03:06 IST" name="Default test" finished-at="2024-05-02T15:03:15 IST" duration-ms="8952">
      <class name="testcases.LoginTest">
        <test-method is-config="true" signature="Startup()[pri:0, instance:testcases.LoginTest@7a35b0f5]" started-at="2024-05-02T15:03:06 IST" name="Startup" finished-at="2024-05-02T15:03:13 IST" duration-ms="7241" status="PASS">
          <reporter-output>
          </reporter-output>
        </test-method> <!-- Startup -->
        <test-method signature="TC01()[pri:0, instance:testcases.LoginTest@7a35b0f5]" started-at="2024-05-02T15:03:13 IST" name="TC01" finished-at="2024-05-02T15:03:14 IST" duration-ms="847" status="PASS">
          <reporter-output>
          </reporter-output>
        </test-method> <!-- TC01 -->
        <test-method is-config="true" signature="teardown()[pri:0, instance:testcases.LoginTest@7a35b0f5]" started-at="2024-05-02T15:03:14 IST" name="teardown" finished-at="2024-05-02T15:03:15 IST" duration-ms="772" status="PASS">
          <reporter-output>
          </reporter-output>
        </test-method> <!-- teardown -->
      </class> <!-- testcases.LoginTest -->
    </test> <!-- Default test -->
  </suite> <!-- Default suite -->
</testng-results>
